c:\users\ratat\onedrive\desktop\graphics\glproj1\glproj1\x64\debug\vc143.pdb
c:\users\ratat\onedrive\desktop\graphics\glproj1\glproj1\x64\debug\vc143.idb
c:\users\ratat\onedrive\desktop\graphics\glproj1\glproj1\x64\debug\glad.obj
c:\users\ratat\onedrive\desktop\graphics\glproj1\glproj1\x64\debug\stb_image.obj
c:\users\ratat\onedrive\desktop\graphics\glproj1\glproj1\x64\debug\main.obj
c:\users\ratat\onedrive\desktop\graphics\glproj1\x64\debug\assimp-vc143-mtd.dll
c:\users\ratat\onedrive\desktop\graphics\glproj1\x64\debug\poly2tri.dll
c:\users\ratat\onedrive\desktop\graphics\glproj1\x64\debug\minizip.dll
c:\users\ratat\onedrive\desktop\graphics\glproj1\x64\debug\zlibd1.dll
c:\users\ratat\onedrive\desktop\graphics\glproj1\x64\debug\pugixml.dll
c:\users\ratat\onedrive\desktop\graphics\glproj1\x64\debug\glproj1.exe
c:\users\ratat\onedrive\desktop\graphics\glproj1\x64\debug\glproj1.pdb
c:\users\ratat\onedrive\desktop\graphics\glproj1\glproj1\x64\debug\glproj1.ilk
c:\users\ratat\onedrive\desktop\graphics\glproj1\glproj1\x64\debug\glproj1.tlog\cl.command.1.tlog
c:\users\ratat\onedrive\desktop\graphics\glproj1\glproj1\x64\debug\glproj1.tlog\cl.items.tlog
c:\users\ratat\onedrive\desktop\graphics\glproj1\glproj1\x64\debug\glproj1.tlog\cl.read.1.tlog
c:\users\ratat\onedrive\desktop\graphics\glproj1\glproj1\x64\debug\glproj1.tlog\cl.write.1.tlog
c:\users\ratat\onedrive\desktop\graphics\glproj1\glproj1\x64\debug\glproj1.tlog\glproj1.write.1u.tlog
c:\users\ratat\onedrive\desktop\graphics\glproj1\glproj1\x64\debug\glproj1.tlog\link.command.1.tlog
c:\users\ratat\onedrive\desktop\graphics\glproj1\glproj1\x64\debug\glproj1.tlog\link.read.1.tlog
c:\users\ratat\onedrive\desktop\graphics\glproj1\glproj1\x64\debug\glproj1.tlog\link.secondary.1.tlog
c:\users\ratat\onedrive\desktop\graphics\glproj1\glproj1\x64\debug\glproj1.tlog\link.write.1.tlog
